auto/build/intermediates/manifest_merge_blame_file/debug/processDebugManifest/manifest-merger-blame-debug-report.txt
1<?xml version="1.0" encoding="utf-8"?>
2<manifest xmlns:android="http://schemas.android.com/apk/res/android"
3    package="dev.lucasnlm.antimine.auto" >
4
5    <uses-sdk android:minSdkVersion="21" />
6
7    <uses-feature
7-->src\main\AndroidManifest.xml:3:5-5:35
8        android:name="android.hardware.type.automotive"
8-->src\main\AndroidManifest.xml:4:9-56
9        android:required="true" />
9-->src\main\AndroidManifest.xml:5:9-32
10    <uses-feature
10-->src\main\AndroidManifest.xml:6:5-8:35
11        android:name="android.hardware.wifi"
11-->src\main\AndroidManifest.xml:7:9-45
12        android:required="false" />
12-->src\main\AndroidManifest.xml:8:9-33
13    <uses-feature
13-->src\main\AndroidManifest.xml:9:5-11:35
14        android:name="android.hardware.screen.portrait"
14-->src\main\AndroidManifest.xml:10:9-56
15        android:required="false" />
15-->src\main\AndroidManifest.xml:11:9-33
16    <uses-feature
16-->src\main\AndroidManifest.xml:12:5-14:35
17        android:name="android.hardware.screen.landscape"
17-->src\main\AndroidManifest.xml:13:9-57
18        android:required="false" />
18-->src\main\AndroidManifest.xml:14:9-33
19    <uses-feature
19-->src\main\AndroidManifest.xml:15:5-17:35
20        android:name="android.hardware.gamepad"
20-->src\main\AndroidManifest.xml:16:9-48
21        android:required="false" />
21-->src\main\AndroidManifest.xml:17:9-33
22
23</manifest>